0 info it worked if it ends with ok
1 verbose cli [ '/usr/local/Cellar/node/7.7.2/bin/node',
1 verbose cli   '/usr/local/bin/npm',
1 verbose cli   'start' ]
2 info using npm@4.1.2
3 info using node@v7.7.2
4 verbose run-script [ 'prestart', 'start', 'poststart' ]
5 info lifecycle guestbook@~prestart: guestbook@
6 silly lifecycle guestbook@~prestart: no script for prestart, continuing
7 info lifecycle guestbook@~start: guestbook@
8 verbose lifecycle guestbook@~start: unsafe-perm in lifecycle true
9 verbose lifecycle guestbook@~start: PATH: /usr/local/lib/node_modules/npm/bin/node-gyp-bin:/Users/bill/git/ExpressInAction/Chapter3/guestbook/node_modules/.bin:/Users/bill/.rvm/gems/ruby-2.1.10/bin:/Users/bill/.rvm/gems/ruby-2.1.10@global/bin:/Users/bill/.rvm/rubies/ruby-2.1.10/bin:/Users/bill/.rvm/bin:/usr/bin:/bin:/usr/sbin:/sbin:/usr/local/bin:/opt/local/bin:/opt/X11/bin:/usr/local/mysql/bin
10 verbose lifecycle guestbook@~start: CWD: /Users/bill/git/ExpressInAction/Chapter3/guestbook
11 silly lifecycle guestbook@~start: Args: [ '-c', 'node app' ]
12 silly lifecycle guestbook@~start: Returned: code: 1  signal: null
13 info lifecycle guestbook@~start: Failed to exec start script
14 verbose stack Error: guestbook@ start: `node app`
14 verbose stack Exit status 1
14 verbose stack     at EventEmitter.<anonymous> (/usr/local/lib/node_modules/npm/lib/utils/lifecycle.js:279:16)
14 verbose stack     at emitTwo (events.js:106:13)
14 verbose stack     at EventEmitter.emit (events.js:194:7)
14 verbose stack     at ChildProcess.<anonymous> (/usr/local/lib/node_modules/npm/lib/utils/spawn.js:40:14)
14 verbose stack     at emitTwo (events.js:106:13)
14 verbose stack     at ChildProcess.emit (events.js:194:7)
14 verbose stack     at maybeClose (internal/child_process.js:899:16)
14 verbose stack     at Process.ChildProcess._handle.onexit (internal/child_process.js:226:5)
15 verbose pkgid guestbook@
16 verbose cwd /Users/bill/git/ExpressInAction/Chapter3/guestbook
17 error Darwin 16.5.0
18 error argv "/usr/local/Cellar/node/7.7.2/bin/node" "/usr/local/bin/npm" "start"
19 error node v7.7.2
20 error npm  v4.1.2
21 error code ELIFECYCLE
22 error guestbook@ start: `node app`
22 error Exit status 1
23 error Failed at the guestbook@ start script 'node app'.
23 error Make sure you have the latest version of node.js and npm installed.
23 error If you do, this is most likely a problem with the guestbook package,
23 error not with npm itself.
23 error Tell the author that this fails on your system:
23 error     node app
23 error You can get information on how to open an issue for this project with:
23 error     npm bugs guestbook
23 error Or if that isn't available, you can get their info via:
23 error     npm owner ls guestbook
23 error There is likely additional logging output above.
24 verbose exit [ 1, true ]
